2024-09-04 00:11:57,186 - ERROR - Failed to start server: 'type'
2024-09-04 00:15:48,731 - INFO - Server stopped.
2024-09-04 00:15:52,359 - ERROR - Failed to start server: 'type'
2024-09-04 00:16:09,950 - ERROR - Failed to start server: 'type'
2024-09-04 00:21:58,059 - ERROR - Failed to start server: 'type'
2024-09-04 00:23:20,924 - INFO - Server started at localhost:3000
2024-09-04 00:24:09,871 - ERROR - Failed to start server: 'type'
2024-09-04 00:24:11,426 - INFO - Server started at localhost:3000
2024-09-04 00:26:01,694 - INFO - Server stopped.
2024-09-04 00:26:01,703 - ERROR - Failed to start server: 'type'
2024-09-04 00:26:03,042 - INFO - Server started at localhost:3000
2024-09-04 00:26:11,393 - INFO - Server stopped.
2024-09-04 00:26:21,537 - ERROR - Failed to start server: 'type'
2024-09-04 00:26:23,002 - INFO - Server started at localhost:3000
2024-09-04 00:26:59,361 - INFO - Server stopped.
2024-09-04 00:27:06,501 - ERROR - Failed to start server: 'type'
2024-09-04 00:27:07,816 - INFO - Server started at localhost:3000
2024-09-04 00:27:22,387 - INFO - Server stopped.
2024-09-04 00:27:34,845 - ERROR - Failed to start server: 'type'
2024-09-04 00:27:36,382 - INFO - Server started at localhost:3000
2024-09-04 00:29:03,639 - ERROR - Failed to start server: 'type'
2024-09-04 00:29:05,188 - INFO - Server started at localhost:3000
2024-09-04 00:31:40,991 - INFO - Server stopped.
2024-09-04 00:31:57,805 - ERROR - Failed to start server: 'type'
2024-09-04 00:31:59,371 - INFO - Server started at localhost:3000
2024-09-04 00:32:54,603 - ERROR - Failed to start server: 'Main' object has no attribute 'api'
2024-09-04 00:32:56,109 - INFO - Server started at localhost:3000
2024-09-04 00:34:01,443 - INFO - Server stopped.
2024-09-04 00:34:04,890 - ERROR - Failed to start server: 'Main' object has no attribute 'api'
2024-09-04 00:34:06,168 - INFO - Server started at localhost:3000
2024-09-04 00:34:34,706 - INFO - Server stopped.
2024-09-04 00:34:42,304 - ERROR - Failed to start server: 'Main' object has no attribute 'api'
2024-09-04 00:34:43,807 - INFO - Server started at localhost:3000
2024-09-04 00:35:25,874 - INFO - Server stopped.
2024-09-04 00:35:29,256 - ERROR - Failed to start server: 'Main' object has no attribute 'api'
2024-09-04 00:36:47,825 - INFO - Server started at localhost:3000
2024-09-04 00:37:13,097 - INFO - Server started at localhost:3000
2024-09-04 00:38:07,923 - INFO - Server started at localhost:3000
2024-09-04 00:38:49,760 - INFO - Server started at localhost:3000
2024-09-04 00:42:45,424 - ERROR - Failed to start server: 'Main' object has no attribute 'api'
2024-09-04 00:42:46,923 - INFO - Server started at localhost:3000
2024-09-04 00:43:39,854 - INFO - Server stopped.
2024-09-04 00:44:38,697 - ERROR - Failed to start server: 'Main' object has no attribute 'api'
2024-09-04 00:44:40,150 - INFO - Server started at :3000
